Traceback (most recent call last):
  File "/usr/local/lib/python3.11/site-packages/jupyter_cache/executors/utils.py", line 58, in single_nb_execution
    executenb(
  File "/usr/local/lib/python3.11/site-packages/nbclient/client.py", line 1314, in execute
    return NotebookClient(nb=nb, resources=resources, km=km, **kwargs).execute()
           ^^^^^^^^^^^^^^^^^^^^^^^^^^^^^^^^^^^^^^^^^^^^^^^^^^^^^^^^^^^^^^^^^^^^^
  File "/usr/local/lib/python3.11/site-packages/jupyter_core/utils/__init__.py", line 165, in wrapped
    return loop.run_until_complete(inner)
           ^^^^^^^^^^^^^^^^^^^^^^^^^^^^^^
  File "/usr/local/lib/python3.11/asyncio/base_events.py", line 653, in run_until_complete
    return future.result()
           ^^^^^^^^^^^^^^^
  File "/usr/local/lib/python3.11/site-packages/nbclient/client.py", line 709, in async_execute
    await self.async_execute_cell(
  File "/usr/local/lib/python3.11/site-packages/nbclient/client.py", line 1062, in async_execute_cell
    await self._check_raise_for_error(cell, cell_index, exec_reply)
  File "/usr/local/lib/python3.11/site-packages/nbclient/client.py", line 918, in _check_raise_for_error
    raise CellExecutionError.from_cell_and_msg(cell, exec_reply_content)
nbclient.exceptions.CellExecutionError: An error occurred while executing the following cell:
------------------
import numpy as np
import matplotlib.pyplot as plt

from ostk.physics.environment.object.celestial import Earth, Moon
from ostk.physics.environment.gravitational import Earth as EarthGravitationalModel
from ostk.physics.environment.gravitational import Moon as MoonGravitationalModel
from ostk.physics.coordinate import Frame
from ostk.physics.time import Instant
from ostk.physics.time import Duration
from ostk.physics.unit import Length
from ostk.physics.unit import Time
from ostk.physics.unit import Derived
------------------


[0;31m---------------------------------------------------------------------------[0m
[0;31mModuleNotFoundError[0m                       Traceback (most recent call last)
Cell [0;32mIn[1], line 2[0m
[1;32m      1[0m [38;5;28;01mimport[39;00m [38;5;21;01mnumpy[39;00m [38;5;28;01mas[39;00m [38;5;21;01mnp[39;00m
[0;32m----> 2[0m [38;5;28;01mimport[39;00m [38;5;21;01mmatplotlib[39;00m[38;5;21;01m.[39;00m[38;5;21;01mpyplot[39;00m [38;5;28;01mas[39;00m [38;5;21;01mplt[39;00m
[1;32m      4[0m [38;5;28;01mfrom[39;00m [38;5;21;01mostk[39;00m[38;5;21;01m.[39;00m[38;5;21;01mphysics[39;00m[38;5;21;01m.[39;00m[38;5;21;01menvironment[39;00m[38;5;21;01m.[39;00m[38;5;21;01mobject[39;00m[38;5;21;01m.[39;00m[38;5;21;01mcelestial[39;00m [38;5;28;01mimport[39;00m Earth, Moon
[1;32m      5[0m [38;5;28;01mfrom[39;00m [38;5;21;01mostk[39;00m[38;5;21;01m.[39;00m[38;5;21;01mphysics[39;00m[38;5;21;01m.[39;00m[38;5;21;01menvironment[39;00m[38;5;21;01m.[39;00m[38;5;21;01mgravitational[39;00m [38;5;28;01mimport[39;00m Earth [38;5;28;01mas[39;00m EarthGravitationalModel

[0;31mModuleNotFoundError[0m: No module named 'matplotlib'

